[debug] [2019-03-27T23:18:43.052Z] ----------------------------------------------------------------------
[debug] [2019-03-27T23:18:43.054Z] Command:       /usr/local/bin/node /Users/dhrumilshah/.npm-packages/bin/firebase deploy --only functions
[debug] [2019-03-27T23:18:43.055Z] CLI Version:   6.5.0
[debug] [2019-03-27T23:18:43.055Z] Platform:      darwin
[debug] [2019-03-27T23:18:43.055Z] Node Version:  v10.15.0
[debug] [2019-03-27T23:18:43.056Z] Time:          Wed Mar 27 2019 19:18:43 GMT-0400 (Eastern Daylight Time)
[debug] [2019-03-27T23:18:43.056Z] ----------------------------------------------------------------------
[debug] 
[debug] [2019-03-27T23:18:43.071Z] > command requires scopes: ["email","openid","https://www.googleapis.com/auth/cloudplatformprojects.readonly","https://www.googleapis.com/auth/firebase","https://www.googleapis.com/auth/cloud-platform"]
[debug] [2019-03-27T23:18:43.072Z] > authorizing via signed-in user
[debug] [2019-03-27T23:18:43.072Z] [iam] checking project payment-test-1d907 for permissions ["cloudfunctions.functions.create","cloudfunctions.functions.delete","cloudfunctions.functions.get","cloudfunctions.functions.list","cloudfunctions.functions.update","cloudfunctions.operations.get","firebase.projects.get"]
[debug] [2019-03-27T23:18:43.077Z] >>> HTTP REQUEST POST https://cloudresourcemanager.googleapis.com/v1/projects/payment-test-1d907:testIamPermissions  

[debug] [2019-03-27T23:18:43.446Z] <<< HTTP RESPONSE 200
[info] 
[info] === Deploying to 'payment-test-1d907'...
[info] 
[info] i  deploying functions
[debug] [2019-03-27T23:18:47.316Z] > [functions] package.json contents: {
  "name": "functions",
  "description": "Cloud Functions for Firebase",
  "scripts": {
    "serve": "firebase serve --only functions",
    "shell": "firebase functions:shell",
    "start": "npm run shell",
    "deploy": "firebase deploy --only functions",
    "logs": "firebase functions:log"
  },
  "dependencies": {
    "@google-cloud/logging": "^4.5.1",
    "cors": "^2.8.5",
    "express": "^4.16.4",
    "firebase-admin": "~7.0.0",
    "firebase-functions": "^2.2.0",
    "stripe": "^6.28.0"
  },
  "private": true
}
[info] i  functions: ensuring necessary APIs are enabled...
[debug] [2019-03-27T23:18:47.318Z] >>> HTTP REQUEST GET https://servicemanagement.googleapis.com/v1/services/cloudfunctions.googleapis.com/projectSettings/payment-test-1d907?view=CONSUMER_VIEW  
 
[debug] [2019-03-27T23:18:47.321Z] >>> HTTP REQUEST GET https://servicemanagement.googleapis.com/v1/services/runtimeconfig.googleapis.com/projectSettings/payment-test-1d907?view=CONSUMER_VIEW  
 
[debug] [2019-03-27T23:18:48.150Z] <<< HTTP RESPONSE 200
[debug] [2019-03-27T23:18:48.172Z] <<< HTTP RESPONSE 200
[info] ✔  functions: all necessary APIs are enabled
[debug] [2019-03-27T23:18:48.173Z] >>> HTTP REQUEST GET https://cloudresourcemanager.googleapis.com/v1/projects/payment-test-1d907  
 
[debug] [2019-03-27T23:18:48.455Z] <<< HTTP RESPONSE 200
[debug] [2019-03-27T23:18:48.456Z] >>> HTTP REQUEST GET https://mobilesdk-pa.googleapis.com/v1/projects/727210161665:getServerAppConfig  
 
[debug] [2019-03-27T23:18:48.679Z] <<< HTTP RESPONSE 200
[info] i  functions: preparing functions directory for uploading...
[debug] [2019-03-27T23:18:48.682Z] >>> HTTP REQUEST GET https://runtimeconfig.googleapis.com/v1beta1/projects/payment-test-1d907/configs  
 
[debug] [2019-03-27T23:18:49.386Z] <<< HTTP RESPONSE 200
[debug] [2019-03-27T23:18:49.390Z] >>> HTTP REQUEST GET https://runtimeconfig.googleapis.com/v1beta1/projects/payment-test-1d907/configs/stripe/variables  
 
[debug] [2019-03-27T23:18:49.986Z] <<< HTTP RESPONSE 200
[debug] [2019-03-27T23:18:49.986Z] >>> HTTP REQUEST GET https://runtimeconfig.googleapis.com/v1beta1/projects/payment-test-1d907/configs/stripe/variables/token  
 
[debug] [2019-03-27T23:18:50.102Z] <<< HTTP RESPONSE 200
[info] i  functions: packaged functions (27.98 KB) for uploading
[debug] [2019-03-27T23:18:50.796Z] >>> HTTP REQUEST POST https://cloudfunctions.googleapis.com/v1/projects/payment-test-1d907/locations/us-central1/functions:generateUploadUrl  
 
[debug] [2019-03-27T23:18:51.324Z] <<< HTTP RESPONSE 200
[debug] [2019-03-27T23:18:51.325Z] >>> HTTP REQUEST PUT https://storage.googleapis.com/gcf-upload-us-central1-23bf8032-1d4e-459c-b3fe-1805263a835e/de4a1b1a-a74f-4b5f-a93e-dd4e623aad4c.zip?GoogleAccessId=service-727210161665@gcf-admin-robot.iam.gserviceaccount.com&Expires=1553730530&Signature=nDFW3D%2BjlGoPsvKUT9Nr8t%2FS6HLo4jcE68NgFLttoYxurwbukFYq3wsQ0fQuW00wSw%2FdyCw06qSIlgiW%2FbB47Rmki4nHn%2Bh9urfz1UBDNzJnRVo6uSrGkTklAMYYgAfnPCVP%2FPIIHd1yK9N7MRNmP6p3oq0jTzLnyprn8CnlEhvDRJ%2F6G4sFBvsQ%2BlJA46yGhdIEy1QRUOVzkfdWaVgi13kFuFxskuDcxQq39z1bbDdwbu3KnKhfG72g6uaAw8LbPNOaszQ81AQ3QiplTkoBqDkqA2Oouxzr3rj8BMxbgNLu11oq1fqZPXZXGHjO4uCVAKg0wuSc9q9ZXOwNaXGc%2BA%3D%3D  

[debug] [2019-03-27T23:18:51.612Z] <<< HTTP RESPONSE 200
[info] ✔  functions: functions folder uploaded successfully
[debug] [2019-03-27T23:18:51.613Z] >>> HTTP REQUEST GET https://cloudfunctions.googleapis.com/v1/projects/payment-test-1d907/locations/-/functions  
 
[debug] [2019-03-27T23:18:51.945Z] <<< HTTP RESPONSE 200
[info] i  functions: updating Node.js 6 function charge(us-central1)...
[debug] [2019-03-27T23:18:51.948Z] Trigger is:  {"httpsTrigger":{}}
[debug] [2019-03-27T23:18:51.950Z] >>> HTTP REQUEST PATCH https://cloudfunctions.googleapis.com/v1/projects/payment-test-1d907/locations/us-central1/functions/charge {"updateMask":"sourceUploadUrl,name,labels,httpsTrigger"} 

[debug] [2019-03-27T23:18:52.552Z] <<< HTTP RESPONSE 200
[debug] [2019-03-27T23:18:52.555Z] >>> HTTP REQUEST GET https://cloudfunctions.googleapis.com/v1/projects/payment-test-1d907/locations/-/functions  
 
[debug] [2019-03-27T23:18:53.167Z] <<< HTTP RESPONSE 200
[debug] [2019-03-27T23:18:53.168Z] >>> HTTP REQUEST GET https://cloudfunctions.googleapis.com/v1/operations/cGF5bWVudC10ZXN0LTFkOTA3L3VzLWNlbnRyYWwxL2NoYXJnZS94SG1VNHIzWjdvdw  
 
[debug] [2019-03-27T23:18:53.512Z] <<< HTTP RESPONSE 200
[debug] [2019-03-27T23:18:55.515Z] >>> HTTP REQUEST GET https://cloudfunctions.googleapis.com/v1/operations/cGF5bWVudC10ZXN0LTFkOTA3L3VzLWNlbnRyYWwxL2NoYXJnZS94SG1VNHIzWjdvdw  
 
[debug] [2019-03-27T23:18:55.963Z] <<< HTTP RESPONSE 200
